<?xml version="1.0" encoding="UTF-8"?>
<!-- Generated by org.testng.reporters.JUnitReportReporter -->
<testsuite name="RegressionTest.CeloTest" tests="1" time="19.440" ignored="0" failures="0" timestamp="10 May 2020 13:39:13 GMT" skipped="0" hostname="LP-Manish8Kumar" errors="0">
  <testcase name="capturePhotoUsingCamera" time="19.440" classname="RegressionTest.CeloTest"/>
</testsuite> <!-- RegressionTest.CeloTest -->
