<?xml version="1.0" encoding="UTF-8"?>
<!-- Generated by org.testng.reporters.JUnitReportReporter -->
<testsuite name="RegressionTest.CeloTest" tests="1" time="20.083" ignored="0" failures="0" timestamp="10 May 2020 06:05:12 GMT" skipped="0" hostname="LP-Manish8Kumar" errors="0">
  <testcase name="libratyModule" time="20.083" classname="RegressionTest.CeloTest"/>
</testsuite> <!-- RegressionTest.CeloTest -->
