<?xml version="1.0" encoding="UTF-8"?>
<!-- Generated by org.testng.reporters.JUnitReportReporter -->
<testsuite name="RegressionTest.CeloTest" tests="1" time="79.913" ignored="0" failures="0" timestamp="09 May 2020 04:28:24 GMT" skipped="0" hostname="LP-Manish8Kumar" errors="0">
  <testcase name="run" time="79.913" classname="RegressionTest.CeloTest"/>
</testsuite> <!-- RegressionTest.CeloTest -->
